<?xml version="1.0" encoding="UTF-8"?>
<testsuites name="Login testing" time="34.946" tests="4" failures="0" errors="0">
   <testsuite name="Login testing" tests="4" failures="0" errors="0" time="34.946" skipped="0" timestamp="2023-01-19 20:15:55" hostname="dimas - LAPTOP-6BQ6KBE7" id="Test Suites/Login testing">
      <properties>
         <property name="deviceName" value=""/>
         <property name="devicePlatform" value=""/>
         <property name="logFolder" value="C:\\Users\\dimas\\git\\Latihan-QA\\Reports\\20230119_201552\\Login testing\\20230119_201552"/>
         <property name="logFiles" value="C:\\Users\\dimas\\git\\Latihan-QA\\Reports\\20230119_201552\\Login testing\\20230119_201552\\execution0.log"/>
         <property name="attachments" value=""/>
         <property name="hostName" value="dimas - LAPTOP-6BQ6KBE7"/>
         <property name="os" value="Windows 10 64bit"/>
         <property name="katalonVersion" value="8.5.5.208"/>
         <property name="browser" value="Chrome 108.0.0.0"/>
         <property name="hostAddress" value="192.168.100.4"/>
         <property name="sessionId" value="1bd5bb628c204e57c278050054b89bf0"/>
         <property name="seleniumVersion" value="3.141.59"/>
         <property name="proxyInformation" value="ProxyInformation { proxyOption=NO_PROXY, proxyServerType=HTTP, username=, password=********, proxyServerAddress=, proxyServerPort=0, executionList=&quot;&quot;, isApplyToDesiredCapabilities=true }"/>
         <property name="platform" value="Windows 10"/>
      </properties>
      <testcase name="Test Cases/TS01-Login/TC01-Login Success" time="10.118" classname="Test Cases/TS01-Login/TC01-Login Success" status="PASSED">
         <system-out><![CDATA[2023-01-19 20:15:55 - [TEST_CASE][PASSED] - Test Cases/TS01-Login/TC01-Login Success: Test Cases/TS01-Login/TC01-Login Success

2023-01-19 20:15:56 - [TEST_STEP][PASSED] - openBrowser(""): Browser is opened with url: ''

2023-01-19 20:15:56 - [MESSAGE][INFO] - Starting 'Chrome' driver

2023-01-19 20:15:56 - [MESSAGE][INFO] - Action delay is set to 0 milliseconds

2023-01-19 20:15:58 - [MESSAGE][PASSED] - Browser is opened with url: ''

2023-01-19 20:15:58 - [TEST_STEP][PASSED] - navigateToUrl("https://katalon-demo-cura.herokuapp.com/"): Navigate to 'https://katalon-demo-cura.herokuapp.com/' successfully

2023-01-19 20:16:01 - [MESSAGE][PASSED] - Navigate to 'https://katalon-demo-cura.herokuapp.com/' successfully

2023-01-19 20:16:01 - [TEST_STEP][PASSED] - click(findTestObject("Object Repository/Page_CURA Healthcare Service/i_CURA Healthcare_fa fa-bars")): Object: 'Object Repository/Page_CURA Healthcare Service/i_CURA Healthcare_fa fa-bars' is clicked on

2023-01-19 20:16:02 - [MESSAGE][PASSED] - Object: 'Object Repository/Page_CURA Healthcare Service/i_CURA Healthcare_fa fa-bars' is clicked on

2023-01-19 20:16:02 - [TEST_STEP][PASSED] - click(findTestObject("Object Repository/Page_CURA Healthcare Service/a_Login")): Object: 'Object Repository/Page_CURA Healthcare Service/a_Login' is clicked on

2023-01-19 20:16:02 - [MESSAGE][PASSED] - Object: 'Object Repository/Page_CURA Healthcare Service/a_Login' is clicked on

2023-01-19 20:16:02 - [TEST_STEP][PASSED] - setText(findTestObject("Object Repository/Page_CURA Healthcare Service/input_Username_username"), "John Doe"): Text 'John Doe' is set on object 'Object Repository/Page_CURA Healthcare Service/input_Username_username'

2023-01-19 20:16:03 - [MESSAGE][PASSED] - Text 'John Doe' is set on object 'Object Repository/Page_CURA Healthcare Service/input_Username_username'

2023-01-19 20:16:03 - [TEST_STEP][PASSED] - setEncryptedText(findTestObject("Object Repository/Page_CURA Healthcare Service/input_Password_password"), "g3/DOGG74jC3Flrr3yH+3D/yKbOqqUNM"): Text ****** has been set on object 'Object Repository/Page_CURA Healthcare Service/input_Password_password'

2023-01-19 20:16:04 - [MESSAGE][PASSED] - Text ****** has been set on object 'Object Repository/Page_CURA Healthcare Service/input_Password_password'

2023-01-19 20:16:04 - [TEST_STEP][PASSED] - click(findTestObject("Object Repository/Page_CURA Healthcare Service/button_Login")): Object: 'Object Repository/Page_CURA Healthcare Service/button_Login' is clicked on

2023-01-19 20:16:05 - [MESSAGE][PASSED] - Object: 'Object Repository/Page_CURA Healthcare Service/button_Login' is clicked on

2023-01-19 20:16:05 - [TEST_STEP][PASSED] - closeBrowser(): Browser is closed

2023-01-19 20:16:05 - [MESSAGE][PASSED] - Browser is closed]]></system-out>
         <system-err><![CDATA[]]></system-err>
      </testcase>
      <testcase name="Test Cases/TS01-Login/TC02-Login Unsuccessful" time="7.554" classname="Test Cases/TS01-Login/TC02-Login Unsuccessful" status="PASSED">
         <system-out><![CDATA[2023-01-19 20:16:05 - [TEST_CASE][PASSED] - Test Cases/TS01-Login/TC02-Login Unsuccessful: Test Cases/TS01-Login/TC02-Login Unsuccessful

2023-01-19 20:16:06 - [TEST_STEP][PASSED] - openBrowser(""): Browser is opened with url: ''

2023-01-19 20:16:06 - [MESSAGE][INFO] - Starting 'Chrome' driver

2023-01-19 20:16:06 - [MESSAGE][INFO] - Action delay is set to 0 milliseconds

2023-01-19 20:16:07 - [MESSAGE][PASSED] - Browser is opened with url: ''

2023-01-19 20:16:07 - [TEST_STEP][PASSED] - navigateToUrl("https://katalon-demo-cura.herokuapp.com/"): Navigate to 'https://katalon-demo-cura.herokuapp.com/' successfully

2023-01-19 20:16:10 - [MESSAGE][PASSED] - Navigate to 'https://katalon-demo-cura.herokuapp.com/' successfully

2023-01-19 20:16:10 - [TEST_STEP][PASSED] - click(findTestObject("Object Repository/Page_CURA Healthcare Service/i_CURA Healthcare_fa fa-bars")): Object: 'Object Repository/Page_CURA Healthcare Service/i_CURA Healthcare_fa fa-bars' is clicked on

2023-01-19 20:16:10 - [MESSAGE][PASSED] - Object: 'Object Repository/Page_CURA Healthcare Service/i_CURA Healthcare_fa fa-bars' is clicked on

2023-01-19 20:16:10 - [TEST_STEP][PASSED] - click(findTestObject("Object Repository/Page_CURA Healthcare Service/a_Login")): Object: 'Object Repository/Page_CURA Healthcare Service/a_Login' is clicked on

2023-01-19 20:16:11 - [MESSAGE][PASSED] - Object: 'Object Repository/Page_CURA Healthcare Service/a_Login' is clicked on

2023-01-19 20:16:11 - [TEST_STEP][PASSED] - click(findTestObject("Object Repository/Page_CURA Healthcare Service/input_Username_username")): Object: 'Object Repository/Page_CURA Healthcare Service/input_Username_username' is clicked on

2023-01-19 20:16:11 - [MESSAGE][PASSED] - Object: 'Object Repository/Page_CURA Healthcare Service/input_Username_username' is clicked on

2023-01-19 20:16:11 - [TEST_STEP][PASSED] - click(findTestObject("Object Repository/Page_CURA Healthcare Service/button_Login")): Object: 'Object Repository/Page_CURA Healthcare Service/button_Login' is clicked on

2023-01-19 20:16:12 - [MESSAGE][PASSED] - Object: 'Object Repository/Page_CURA Healthcare Service/button_Login' is clicked on

2023-01-19 20:16:12 - [TEST_STEP][PASSED] - closeBrowser(): Browser is closed

2023-01-19 20:16:13 - [MESSAGE][PASSED] - Browser is closed]]></system-out>
         <system-err><![CDATA[]]></system-err>
      </testcase>
      <testcase name="Test Cases/TS01-Login/TC03-Login Unsuccessful" time="8.375" classname="Test Cases/TS01-Login/TC03-Login Unsuccessful" status="PASSED">
         <system-out><![CDATA[2023-01-19 20:16:13 - [TEST_CASE][PASSED] - Test Cases/TS01-Login/TC03-Login Unsuccessful: Test Cases/TS01-Login/TC03-Login Unsuccessful

2023-01-19 20:16:13 - [TEST_STEP][PASSED] - openBrowser(""): Browser is opened with url: ''

2023-01-19 20:16:13 - [MESSAGE][INFO] - Starting 'Chrome' driver

2023-01-19 20:16:13 - [MESSAGE][INFO] - Action delay is set to 0 milliseconds

2023-01-19 20:16:15 - [MESSAGE][PASSED] - Browser is opened with url: ''

2023-01-19 20:16:15 - [TEST_STEP][PASSED] - navigateToUrl("https://katalon-demo-cura.herokuapp.com/"): Navigate to 'https://katalon-demo-cura.herokuapp.com/' successfully

2023-01-19 20:16:18 - [MESSAGE][PASSED] - Navigate to 'https://katalon-demo-cura.herokuapp.com/' successfully

2023-01-19 20:16:18 - [TEST_STEP][PASSED] - click(findTestObject("Object Repository/Page_CURA Healthcare Service/i_CURA Healthcare_fa fa-bars")): Object: 'Object Repository/Page_CURA Healthcare Service/i_CURA Healthcare_fa fa-bars' is clicked on

2023-01-19 20:16:18 - [MESSAGE][PASSED] - Object: 'Object Repository/Page_CURA Healthcare Service/i_CURA Healthcare_fa fa-bars' is clicked on

2023-01-19 20:16:18 - [TEST_STEP][PASSED] - click(findTestObject("Object Repository/Page_CURA Healthcare Service/a_Login")): Object: 'Object Repository/Page_CURA Healthcare Service/a_Login' is clicked on

2023-01-19 20:16:19 - [MESSAGE][PASSED] - Object: 'Object Repository/Page_CURA Healthcare Service/a_Login' is clicked on

2023-01-19 20:16:19 - [TEST_STEP][PASSED] - setText(findTestObject("Object Repository/Page_CURA Healthcare Service/input_Username_username"), "John De"): Text 'John De' is set on object 'Object Repository/Page_CURA Healthcare Service/input_Username_username'

2023-01-19 20:16:19 - [MESSAGE][PASSED] - Text 'John De' is set on object 'Object Repository/Page_CURA Healthcare Service/input_Username_username'

2023-01-19 20:16:19 - [TEST_STEP][PASSED] - setEncryptedText(findTestObject("Object Repository/Page_CURA Healthcare Service/input_Password_password"), "g3/DOGG74jC3Flrr3yH+3D/yKbOqqUNM"): Text ****** has been set on object 'Object Repository/Page_CURA Healthcare Service/input_Password_password'

2023-01-19 20:16:20 - [MESSAGE][PASSED] - Text ****** has been set on object 'Object Repository/Page_CURA Healthcare Service/input_Password_password'

2023-01-19 20:16:20 - [TEST_STEP][PASSED] - click(findTestObject("Object Repository/Page_CURA Healthcare Service/button_Login")): Object: 'Object Repository/Page_CURA Healthcare Service/button_Login' is clicked on

2023-01-19 20:16:21 - [MESSAGE][PASSED] - Object: 'Object Repository/Page_CURA Healthcare Service/button_Login' is clicked on

2023-01-19 20:16:21 - [TEST_STEP][PASSED] - closeBrowser(): Browser is closed

2023-01-19 20:16:21 - [MESSAGE][PASSED] - Browser is closed]]></system-out>
         <system-err><![CDATA[]]></system-err>
      </testcase>
      <testcase name="Test Cases/TS01-Login/TC04-Login Unsuccessful" time="8.54" classname="Test Cases/TS01-Login/TC04-Login Unsuccessful" status="PASSED">
         <system-out><![CDATA[2023-01-19 20:16:21 - [TEST_CASE][PASSED] - Test Cases/TS01-Login/TC04-Login Unsuccessful: Test Cases/TS01-Login/TC04-Login Unsuccessful

2023-01-19 20:16:22 - [TEST_STEP][PASSED] - openBrowser(""): Browser is opened with url: ''

2023-01-19 20:16:22 - [MESSAGE][INFO] - Starting 'Chrome' driver

2023-01-19 20:16:22 - [MESSAGE][INFO] - Action delay is set to 0 milliseconds

2023-01-19 20:16:23 - [MESSAGE][PASSED] - Browser is opened with url: ''

2023-01-19 20:16:23 - [TEST_STEP][PASSED] - navigateToUrl("https://katalon-demo-cura.herokuapp.com/"): Navigate to 'https://katalon-demo-cura.herokuapp.com/' successfully

2023-01-19 20:16:26 - [MESSAGE][PASSED] - Navigate to 'https://katalon-demo-cura.herokuapp.com/' successfully

2023-01-19 20:16:26 - [TEST_STEP][PASSED] - click(findTestObject("Object Repository/Page_CURA Healthcare Service/a_CURA Healthcare_menu-toggle")): Object: 'Object Repository/Page_CURA Healthcare Service/a_CURA Healthcare_menu-toggle' is clicked on

2023-01-19 20:16:26 - [MESSAGE][PASSED] - Object: 'Object Repository/Page_CURA Healthcare Service/a_CURA Healthcare_menu-toggle' is clicked on

2023-01-19 20:16:26 - [TEST_STEP][PASSED] - click(findTestObject("Object Repository/Page_CURA Healthcare Service/a_Login")): Object: 'Object Repository/Page_CURA Healthcare Service/a_Login' is clicked on

2023-01-19 20:16:27 - [MESSAGE][PASSED] - Object: 'Object Repository/Page_CURA Healthcare Service/a_Login' is clicked on

2023-01-19 20:16:27 - [TEST_STEP][PASSED] - setText(findTestObject("Object Repository/Page_CURA Healthcare Service/input_Username_username"), "John Doe"): Text 'John Doe' is set on object 'Object Repository/Page_CURA Healthcare Service/input_Username_username'

2023-01-19 20:16:28 - [MESSAGE][PASSED] - Text 'John Doe' is set on object 'Object Repository/Page_CURA Healthcare Service/input_Username_username'

2023-01-19 20:16:28 - [TEST_STEP][PASSED] - setEncryptedText(findTestObject("Object Repository/Page_CURA Healthcare Service/input_Password_password"), "4B9SwvcvjyW9KSCAPmA0NKwGZcVxxuwL"): Text ****** has been set on object 'Object Repository/Page_CURA Healthcare Service/input_Password_password'

2023-01-19 20:16:28 - [MESSAGE][PASSED] - Text ****** has been set on object 'Object Repository/Page_CURA Healthcare Service/input_Password_password'

2023-01-19 20:16:28 - [TEST_STEP][PASSED] - click(findTestObject("Object Repository/Page_CURA Healthcare Service/button_Login")): Object: 'Object Repository/Page_CURA Healthcare Service/button_Login' is clicked on

2023-01-19 20:16:29 - [MESSAGE][PASSED] - Object: 'Object Repository/Page_CURA Healthcare Service/button_Login' is clicked on

2023-01-19 20:16:29 - [TEST_STEP][PASSED] - closeBrowser(): Browser is closed

2023-01-19 20:16:30 - [MESSAGE][PASSED] - Browser is closed]]></system-out>
         <system-err><![CDATA[]]></system-err>
      </testcase>
      <system-out><![CDATA[2023-01-19 20:15:55 - [TEST_SUITE][PASSED] - Login testing: Test Cases/TS01-Login/TC04-Login Unsuccessful]]></system-out>
      <system-err><![CDATA[]]></system-err>
   </testsuite>
</testsuites>
