<?xml version="1.0" encoding="UTF-8"?>
<testsuites name="Appointment testing" time="104.519" tests="5" failures="0" errors="0">
   <testsuite name="Appointment testing" tests="5" failures="0" errors="0" time="104.519" skipped="0" timestamp="2023-01-19 20:47:51" hostname="dimas - LAPTOP-6BQ6KBE7" id="Test Suites/Appointment testing">
      <properties>
         <property name="deviceName" value=""/>
         <property name="devicePlatform" value=""/>
         <property name="logFolder" value="C:\\Users\\dimas\\git\\Latihan-QA\\Reports\\20230119_204747\\Appointment testing\\20230119_204748"/>
         <property name="logFiles" value="C:\\Users\\dimas\\git\\Latihan-QA\\Reports\\20230119_204747\\Appointment testing\\20230119_204748\\execution0.log"/>
         <property name="attachments" value=""/>
         <property name="hostName" value="dimas - LAPTOP-6BQ6KBE7"/>
         <property name="os" value="Windows 10 64bit"/>
         <property name="katalonVersion" value="8.5.5.208"/>
         <property name="browser" value="Chrome 108.0.0.0"/>
         <property name="hostAddress" value="192.168.100.4"/>
         <property name="sessionId" value="14fbd6d14121f7f20e93d4dcee751422"/>
         <property name="seleniumVersion" value="3.141.59"/>
         <property name="proxyInformation" value="ProxyInformation { proxyOption=NO_PROXY, proxyServerType=HTTP, username=, password=********, proxyServerAddress=, proxyServerPort=0, executionList=&quot;&quot;, isApplyToDesiredCapabilities=true }"/>
         <property name="platform" value="Windows 10"/>
      </properties>
      <testcase name="Test Cases/TS02-Appointment/TC01-Make An Appointment" time="13.548" classname="Test Cases/TS02-Appointment/TC01-Make An Appointment" status="PASSED">
         <system-out><![CDATA[2023-01-19 20:47:52 - [TEST_CASE][PASSED] - Test Cases/TS02-Appointment/TC01-Make An Appointment: Test Cases/TS02-Appointment/TC01-Make An Appointment

2023-01-19 20:47:52 - [TEST_STEP][PASSED] - openBrowser(""): Browser is opened with url: ''

2023-01-19 20:47:53 - [MESSAGE][INFO] - Starting 'Chrome' driver

2023-01-19 20:47:53 - [MESSAGE][INFO] - Action delay is set to 0 milliseconds

2023-01-19 20:47:55 - [MESSAGE][PASSED] - Browser is opened with url: ''

2023-01-19 20:47:55 - [TEST_STEP][PASSED] - navigateToUrl("https://katalon-demo-cura.herokuapp.com/"): Navigate to 'https://katalon-demo-cura.herokuapp.com/' successfully

2023-01-19 20:47:58 - [MESSAGE][PASSED] - Navigate to 'https://katalon-demo-cura.herokuapp.com/' successfully

2023-01-19 20:47:58 - [TEST_STEP][PASSED] - click(findTestObject("Object Repository/Page_CURA Healthcare Service/a_Make Appointment")): Object: 'Object Repository/Page_CURA Healthcare Service/a_Make Appointment' is clicked on

2023-01-19 20:47:59 - [MESSAGE][PASSED] - Object: 'Object Repository/Page_CURA Healthcare Service/a_Make Appointment' is clicked on

2023-01-19 20:47:59 - [TEST_STEP][PASSED] - setText(findTestObject("Object Repository/Page_CURA Healthcare Service/input_Username_username"), "John Doe"): Text 'John Doe' is set on object 'Object Repository/Page_CURA Healthcare Service/input_Username_username'

2023-01-19 20:48:00 - [MESSAGE][PASSED] - Text 'John Doe' is set on object 'Object Repository/Page_CURA Healthcare Service/input_Username_username'

2023-01-19 20:48:00 - [TEST_STEP][PASSED] - setEncryptedText(findTestObject("Object Repository/Page_CURA Healthcare Service/input_Password_password"), "g3/DOGG74jC3Flrr3yH+3D/yKbOqqUNM"): Text ****** has been set on object 'Object Repository/Page_CURA Healthcare Service/input_Password_password'

2023-01-19 20:48:00 - [MESSAGE][PASSED] - Text ****** has been set on object 'Object Repository/Page_CURA Healthcare Service/input_Password_password'

2023-01-19 20:48:00 - [TEST_STEP][PASSED] - click(findTestObject("Object Repository/Page_CURA Healthcare Service/button_Login")): Object: 'Object Repository/Page_CURA Healthcare Service/button_Login' is clicked on

2023-01-19 20:48:01 - [MESSAGE][PASSED] - Object: 'Object Repository/Page_CURA Healthcare Service/button_Login' is clicked on

2023-01-19 20:48:01 - [TEST_STEP][PASSED] - setText(findTestObject("Object Repository/Page_CURA Healthcare Service/textarea_Comment_comment"), "asda"): Text 'asda' is set on object 'Object Repository/Page_CURA Healthcare Service/textarea_Comment_comment'

2023-01-19 20:48:02 - [MESSAGE][PASSED] - Text 'asda' is set on object 'Object Repository/Page_CURA Healthcare Service/textarea_Comment_comment'

2023-01-19 20:48:02 - [TEST_STEP][PASSED] - click(findTestObject("Object Repository/Page_CURA Healthcare Service/span_Visit Date (Required)_glyphicon glyphi_cada34")): Object: 'Object Repository/Page_CURA Healthcare Service/span_Visit Date (Required)_glyphicon glyphi_cada34' is clicked on

2023-01-19 20:48:03 - [MESSAGE][PASSED] - Object: 'Object Repository/Page_CURA Healthcare Service/span_Visit Date (Required)_glyphicon glyphi_cada34' is clicked on

2023-01-19 20:48:03 - [TEST_STEP][PASSED] - click(findTestObject("Object Repository/Page_CURA Healthcare Service/td_17")): Object: 'Object Repository/Page_CURA Healthcare Service/td_17' is clicked on

2023-01-19 20:48:03 - [MESSAGE][PASSED] - Object: 'Object Repository/Page_CURA Healthcare Service/td_17' is clicked on

2023-01-19 20:48:03 - [TEST_STEP][PASSED] - click(findTestObject("Object Repository/Page_CURA Healthcare Service/button_Book Appointment")): Object: 'Object Repository/Page_CURA Healthcare Service/button_Book Appointment' is clicked on

2023-01-19 20:48:04 - [MESSAGE][PASSED] - Object: 'Object Repository/Page_CURA Healthcare Service/button_Book Appointment' is clicked on

2023-01-19 20:48:04 - [TEST_STEP][PASSED] - click(findTestObject("Object Repository/Page_CURA Healthcare Service/a_Go to Homepage")): Object: 'Object Repository/Page_CURA Healthcare Service/a_Go to Homepage' is clicked on

2023-01-19 20:48:05 - [MESSAGE][PASSED] - Object: 'Object Repository/Page_CURA Healthcare Service/a_Go to Homepage' is clicked on

2023-01-19 20:48:05 - [TEST_STEP][PASSED] - closeBrowser(): Browser is closed

2023-01-19 20:48:05 - [MESSAGE][PASSED] - Browser is closed]]></system-out>
         <system-err><![CDATA[]]></system-err>
      </testcase>
      <testcase name="Test Cases/TS02-Appointment/TC02-Make An Appointment more than 1" time="52.35" classname="Test Cases/TS02-Appointment/TC02-Make An Appointment more than 1" status="PASSED">
         <system-out><![CDATA[2023-01-19 20:48:05 - [TEST_CASE][PASSED] - Test Cases/TS02-Appointment/TC02-Make An Appointment more than 1: Test Cases/TS02-Appointment/TC02-Make An Appointment more than 1

2023-01-19 20:48:06 - [TEST_STEP][PASSED] - openBrowser(""): Browser is opened with url: ''

2023-01-19 20:48:06 - [MESSAGE][INFO] - Starting 'Chrome' driver

2023-01-19 20:48:06 - [MESSAGE][INFO] - Action delay is set to 0 milliseconds

2023-01-19 20:48:07 - [MESSAGE][PASSED] - Browser is opened with url: ''

2023-01-19 20:48:07 - [TEST_STEP][PASSED] - navigateToUrl("https://katalon-demo-cura.herokuapp.com/"): Navigate to 'https://katalon-demo-cura.herokuapp.com/' successfully

2023-01-19 20:48:10 - [MESSAGE][PASSED] - Navigate to 'https://katalon-demo-cura.herokuapp.com/' successfully

2023-01-19 20:48:10 - [TEST_STEP][PASSED] - click(findTestObject("Object Repository/Page_CURA Healthcare Service/a_Make Appointment")): Object: 'Object Repository/Page_CURA Healthcare Service/a_Make Appointment' is clicked on

2023-01-19 20:48:10 - [MESSAGE][PASSED] - Object: 'Object Repository/Page_CURA Healthcare Service/a_Make Appointment' is clicked on

2023-01-19 20:48:10 - [TEST_STEP][PASSED] - setText(findTestObject("Object Repository/Page_CURA Healthcare Service/input_Username_username"), "John Doe"): Text 'John Doe' is set on object 'Object Repository/Page_CURA Healthcare Service/input_Username_username'

2023-01-19 20:48:11 - [MESSAGE][PASSED] - Text 'John Doe' is set on object 'Object Repository/Page_CURA Healthcare Service/input_Username_username'

2023-01-19 20:48:11 - [TEST_STEP][PASSED] - setEncryptedText(findTestObject("Object Repository/Page_CURA Healthcare Service/input_Password_password"), "g3/DOGG74jC3Flrr3yH+3D/yKbOqqUNM"): Text ****** has been set on object 'Object Repository/Page_CURA Healthcare Service/input_Password_password'

2023-01-19 20:48:12 - [MESSAGE][PASSED] - Text ****** has been set on object 'Object Repository/Page_CURA Healthcare Service/input_Password_password'

2023-01-19 20:48:12 - [TEST_STEP][PASSED] - click(findTestObject("Object Repository/Page_CURA Healthcare Service/button_Login")): Object: 'Object Repository/Page_CURA Healthcare Service/button_Login' is clicked on

2023-01-19 20:48:12 - [MESSAGE][PASSED] - Object: 'Object Repository/Page_CURA Healthcare Service/button_Login' is clicked on

2023-01-19 20:48:12 - [TEST_STEP][PASSED] - selectOptionByValue(findTestObject("Object Repository/Page_CURA Healthcare Service/select_Tokyo CURA Healthcare Center        _5b4107"), "Hongkong CURA Healthcare Center", true): All options with value 'Hongkong CURA Healthcare Center' are selected in object 'Object Repository/Page_CURA Healthcare Service/select_Tokyo CURA Healthcare Center        _5b4107'  using regular expression

2023-01-19 20:48:14 - [MESSAGE][PASSED] - All options with value 'Hongkong CURA Healthcare Center' are selected in object 'Object Repository/Page_CURA Healthcare Service/select_Tokyo CURA Healthcare Center        _5b4107'  using regular expression

2023-01-19 20:48:14 - [TEST_STEP][PASSED] - click(findTestObject("Object Repository/Page_CURA Healthcare Service/input_Visit Date (Required)_visit_date")): Object: 'Object Repository/Page_CURA Healthcare Service/input_Visit Date (Required)_visit_date' is clicked on

2023-01-19 20:48:14 - [MESSAGE][PASSED] - Object: 'Object Repository/Page_CURA Healthcare Service/input_Visit Date (Required)_visit_date' is clicked on

2023-01-19 20:48:14 - [TEST_STEP][PASSED] - click(findTestObject("Object Repository/Page_CURA Healthcare Service/td_24")): Object: 'Object Repository/Page_CURA Healthcare Service/td_24' is clicked on

2023-01-19 20:48:14 - [MESSAGE][PASSED] - Object: 'Object Repository/Page_CURA Healthcare Service/td_24' is clicked on

2023-01-19 20:48:14 - [TEST_STEP][PASSED] - setText(findTestObject("Object Repository/Page_CURA Healthcare Service/textarea_Comment_comment"), "asdad"): Text 'asdad' is set on object 'Object Repository/Page_CURA Healthcare Service/textarea_Comment_comment'

2023-01-19 20:48:15 - [MESSAGE][PASSED] - Text 'asdad' is set on object 'Object Repository/Page_CURA Healthcare Service/textarea_Comment_comment'

2023-01-19 20:48:15 - [TEST_STEP][PASSED] - click(findTestObject("Object Repository/Page_CURA Healthcare Service/button_Book Appointment")): Object: 'Object Repository/Page_CURA Healthcare Service/button_Book Appointment' is clicked on

2023-01-19 20:48:16 - [MESSAGE][PASSED] - Object: 'Object Repository/Page_CURA Healthcare Service/button_Book Appointment' is clicked on

2023-01-19 20:48:16 - [TEST_STEP][PASSED] - click(findTestObject("Object Repository/Page_CURA Healthcare Service/i_CURA Healthcare_fa fa-bars")): Object: 'Object Repository/Page_CURA Healthcare Service/i_CURA Healthcare_fa fa-bars' is clicked on

2023-01-19 20:48:17 - [MESSAGE][PASSED] - Object: 'Object Repository/Page_CURA Healthcare Service/i_CURA Healthcare_fa fa-bars' is clicked on

2023-01-19 20:48:17 - [TEST_STEP][PASSED] - click(findTestObject("Object Repository/Page_CURA Healthcare Service/a_Home")): Object: 'Object Repository/Page_CURA Healthcare Service/a_Home' is clicked on

2023-01-19 20:48:17 - [MESSAGE][PASSED] - Object: 'Object Repository/Page_CURA Healthcare Service/a_Home' is clicked on

2023-01-19 20:48:17 - [TEST_STEP][PASSED] - click(findTestObject("Object Repository/Page_CURA Healthcare Service/a_Make Appointment_1")): Object: 'Object Repository/Page_CURA Healthcare Service/a_Make Appointment_1' is clicked on

2023-01-19 20:48:18 - [MESSAGE][PASSED] - Object: 'Object Repository/Page_CURA Healthcare Service/a_Make Appointment_1' is clicked on

2023-01-19 20:48:18 - [TEST_STEP][PASSED] - selectOptionByValue(findTestObject("Object Repository/Page_CURA Healthcare Service/select_Tokyo CURA Healthcare Center        _5b4107"), "Seoul CURA Healthcare Center", true): All options with value 'Seoul CURA Healthcare Center' are selected in object 'Object Repository/Page_CURA Healthcare Service/select_Tokyo CURA Healthcare Center        _5b4107'  using regular expression

2023-01-19 20:48:20 - [MESSAGE][PASSED] - All options with value 'Seoul CURA Healthcare Center' are selected in object 'Object Repository/Page_CURA Healthcare Service/select_Tokyo CURA Healthcare Center        _5b4107'  using regular expression

2023-01-19 20:48:20 - [TEST_STEP][PASSED] - click(findTestObject("Object Repository/Page_CURA Healthcare Service/input_Visit Date (Required)_visit_date")): Object: 'Object Repository/Page_CURA Healthcare Service/input_Visit Date (Required)_visit_date' is clicked on

2023-01-19 20:48:20 - [MESSAGE][PASSED] - Object: 'Object Repository/Page_CURA Healthcare Service/input_Visit Date (Required)_visit_date' is clicked on

2023-01-19 20:48:20 - [TEST_STEP][PASSED] - click(findTestObject("Object Repository/Page_CURA Healthcare Service/td_17")): Object: 'Object Repository/Page_CURA Healthcare Service/td_17' is clicked on

2023-01-19 20:48:20 - [MESSAGE][PASSED] - Object: 'Object Repository/Page_CURA Healthcare Service/td_17' is clicked on

2023-01-19 20:48:20 - [TEST_STEP][PASSED] - setText(findTestObject("Object Repository/Page_CURA Healthcare Service/textarea_Comment_comment"), "asasd"): Text 'asasd' is set on object 'Object Repository/Page_CURA Healthcare Service/textarea_Comment_comment'

2023-01-19 20:48:21 - [MESSAGE][PASSED] - Text 'asasd' is set on object 'Object Repository/Page_CURA Healthcare Service/textarea_Comment_comment'

2023-01-19 20:48:21 - [TEST_STEP][PASSED] - click(findTestObject("Object Repository/Page_CURA Healthcare Service/button_Book Appointment")): Object: 'Object Repository/Page_CURA Healthcare Service/button_Book Appointment' is clicked on

2023-01-19 20:48:23 - [MESSAGE][PASSED] - Object: 'Object Repository/Page_CURA Healthcare Service/button_Book Appointment' is clicked on

2023-01-19 20:48:23 - [TEST_STEP][PASSED] - click(findTestObject("Object Repository/Page_CURA Healthcare Service/i_CURA Healthcare_fa fa-bars")): Object: 'Object Repository/Page_CURA Healthcare Service/i_CURA Healthcare_fa fa-bars' is clicked on

2023-01-19 20:48:23 - [MESSAGE][PASSED] - Object: 'Object Repository/Page_CURA Healthcare Service/i_CURA Healthcare_fa fa-bars' is clicked on

2023-01-19 20:48:23 - [TEST_STEP][PASSED] - click(findTestObject("Object Repository/Page_CURA Healthcare Service/a_History")): Object: 'Object Repository/Page_CURA Healthcare Service/a_History' is clicked on

2023-01-19 20:48:24 - [MESSAGE][PASSED] - Object: 'Object Repository/Page_CURA Healthcare Service/a_History' is clicked on

2023-01-19 20:48:24 - [TEST_STEP][PASSED] - click(findTestObject("Object Repository/Page_CURA Healthcare Service/a_Go to Homepage")): Object: 'Object Repository/Page_CURA Healthcare Service/a_Go to Homepage' is clicked on

2023-01-19 20:48:56 - [MESSAGE][INFO] - Unable to find the element located by 'By.xpath: //section[@id='summary']/div/div/div[7]/p/a'. Please recheck the objects properties to make sure the desired element is located. 

2023-01-19 20:48:56 - [MESSAGE][WARNING] - [SELF-HEALING] Failed to find element with id 'Object Repository/Page_CURA Healthcare Service/a_Go to Homepage'. Try using Self-healing.

2023-01-19 20:48:56 - [MESSAGE][INFO] - [SELF-HEALING] Failed Locator: '//section[@id='summary']/div/div/div[7]/p/a'.

2023-01-19 20:48:56 - [MESSAGE][INFO] - [SELF-HEALING] Working Locator: '//a[contains(text(),'Go to Homepage')]'.

2023-01-19 20:48:56 - [MESSAGE][INFO] - [SELF-HEALING] Screenshot: C:/Users/dimas/git/Latihan-QA/Reports/Self-healing/Object Repository/Page_CURA Healthcare Service/a_Go to Homepage_link.png

2023-01-19 20:48:56 - [MESSAGE][WARNING] - [SELF-HEALING] The current locator of test object 'Object Repository/Page_CURA Healthcare Service/a_Go to Homepage' was broken. Propose an alternative one: '//a[contains(text(),'Go to Homepage')]'.

2023-01-19 20:48:57 - [MESSAGE][PASSED] - Object: 'Object Repository/Page_CURA Healthcare Service/a_Go to Homepage' is clicked on

2023-01-19 20:48:57 - [TEST_STEP][PASSED] - closeBrowser(): Browser is closed

2023-01-19 20:48:58 - [MESSAGE][PASSED] - Browser is closed]]></system-out>
         <system-err><![CDATA[]]></system-err>
      </testcase>
      <testcase name="Test Cases/TS02-Appointment/TC03-Make An Appointment without a date" time="10.573" classname="Test Cases/TS02-Appointment/TC03-Make An Appointment without a date" status="PASSED">
         <system-out><![CDATA[2023-01-19 20:48:58 - [TEST_CASE][PASSED] - Test Cases/TS02-Appointment/TC03-Make An Appointment without a date: Test Cases/TS02-Appointment/TC03-Make An Appointment without a date

2023-01-19 20:48:58 - [TEST_STEP][PASSED] - openBrowser(""): Browser is opened with url: ''

2023-01-19 20:48:58 - [MESSAGE][INFO] - Starting 'Chrome' driver

2023-01-19 20:48:58 - [MESSAGE][INFO] - Action delay is set to 0 milliseconds

2023-01-19 20:48:59 - [MESSAGE][PASSED] - Browser is opened with url: ''

2023-01-19 20:48:59 - [TEST_STEP][PASSED] - navigateToUrl("https://katalon-demo-cura.herokuapp.com/"): Navigate to 'https://katalon-demo-cura.herokuapp.com/' successfully

2023-01-19 20:49:02 - [MESSAGE][PASSED] - Navigate to 'https://katalon-demo-cura.herokuapp.com/' successfully

2023-01-19 20:49:02 - [TEST_STEP][PASSED] - click(findTestObject("Object Repository/Page_CURA Healthcare Service/a_Make Appointment")): Object: 'Object Repository/Page_CURA Healthcare Service/a_Make Appointment' is clicked on

2023-01-19 20:49:03 - [MESSAGE][PASSED] - Object: 'Object Repository/Page_CURA Healthcare Service/a_Make Appointment' is clicked on

2023-01-19 20:49:03 - [TEST_STEP][PASSED] - setText(findTestObject("Object Repository/Page_CURA Healthcare Service/input_Username_username"), "John Doe"): Text 'John Doe' is set on object 'Object Repository/Page_CURA Healthcare Service/input_Username_username'

2023-01-19 20:49:04 - [MESSAGE][PASSED] - Text 'John Doe' is set on object 'Object Repository/Page_CURA Healthcare Service/input_Username_username'

2023-01-19 20:49:04 - [TEST_STEP][PASSED] - setEncryptedText(findTestObject("Object Repository/Page_CURA Healthcare Service/input_Password_password"), "g3/DOGG74jC3Flrr3yH+3D/yKbOqqUNM"): Text ****** has been set on object 'Object Repository/Page_CURA Healthcare Service/input_Password_password'

2023-01-19 20:49:04 - [MESSAGE][PASSED] - Text ****** has been set on object 'Object Repository/Page_CURA Healthcare Service/input_Password_password'

2023-01-19 20:49:04 - [TEST_STEP][PASSED] - click(findTestObject("Object Repository/Page_CURA Healthcare Service/button_Login")): Object: 'Object Repository/Page_CURA Healthcare Service/button_Login' is clicked on

2023-01-19 20:49:05 - [MESSAGE][PASSED] - Object: 'Object Repository/Page_CURA Healthcare Service/button_Login' is clicked on

2023-01-19 20:49:05 - [TEST_STEP][PASSED] - selectOptionByValue(findTestObject("Object Repository/Page_CURA Healthcare Service/select_Tokyo CURA Healthcare Center        _5b4107"), "Seoul CURA Healthcare Center", true): All options with value 'Seoul CURA Healthcare Center' are selected in object 'Object Repository/Page_CURA Healthcare Service/select_Tokyo CURA Healthcare Center        _5b4107'  using regular expression

2023-01-19 20:49:06 - [MESSAGE][PASSED] - All options with value 'Seoul CURA Healthcare Center' are selected in object 'Object Repository/Page_CURA Healthcare Service/select_Tokyo CURA Healthcare Center        _5b4107'  using regular expression

2023-01-19 20:49:06 - [TEST_STEP][PASSED] - setText(findTestObject("Object Repository/Page_CURA Healthcare Service/textarea_Comment_comment"), "asdas"): Text 'asdas' is set on object 'Object Repository/Page_CURA Healthcare Service/textarea_Comment_comment'

2023-01-19 20:49:07 - [MESSAGE][PASSED] - Text 'asdas' is set on object 'Object Repository/Page_CURA Healthcare Service/textarea_Comment_comment'

2023-01-19 20:49:07 - [TEST_STEP][PASSED] - click(findTestObject("Object Repository/Page_CURA Healthcare Service/button_Book Appointment")): Object: 'Object Repository/Page_CURA Healthcare Service/button_Book Appointment' is clicked on

2023-01-19 20:49:08 - [MESSAGE][PASSED] - Object: 'Object Repository/Page_CURA Healthcare Service/button_Book Appointment' is clicked on

2023-01-19 20:49:08 - [TEST_STEP][PASSED] - closeBrowser(): Browser is closed

2023-01-19 20:49:08 - [MESSAGE][PASSED] - Browser is closed]]></system-out>
         <system-err><![CDATA[]]></system-err>
      </testcase>
      <testcase name="Test Cases/TS02-Appointment/TC04-Make An Appointment with Healthcare Program None" time="13.926" classname="Test Cases/TS02-Appointment/TC04-Make An Appointment with Healthcare Program None" status="PASSED">
         <system-out><![CDATA[2023-01-19 20:49:08 - [TEST_CASE][PASSED] - Test Cases/TS02-Appointment/TC04-Make An Appointment with Healthcare Program None: Test Cases/TS02-Appointment/TC04-Make An Appointment with Healthcare Program None

2023-01-19 20:49:09 - [TEST_STEP][PASSED] - openBrowser(""): Browser is opened with url: ''

2023-01-19 20:49:09 - [MESSAGE][INFO] - Starting 'Chrome' driver

2023-01-19 20:49:09 - [MESSAGE][INFO] - Action delay is set to 0 milliseconds

2023-01-19 20:49:10 - [MESSAGE][PASSED] - Browser is opened with url: ''

2023-01-19 20:49:10 - [TEST_STEP][PASSED] - navigateToUrl("https://katalon-demo-cura.herokuapp.com/"): Navigate to 'https://katalon-demo-cura.herokuapp.com/' successfully

2023-01-19 20:49:14 - [MESSAGE][PASSED] - Navigate to 'https://katalon-demo-cura.herokuapp.com/' successfully

2023-01-19 20:49:14 - [TEST_STEP][PASSED] - click(findTestObject("Object Repository/Page_CURA Healthcare Service/a_Make Appointment")): Object: 'Object Repository/Page_CURA Healthcare Service/a_Make Appointment' is clicked on

2023-01-19 20:49:15 - [MESSAGE][PASSED] - Object: 'Object Repository/Page_CURA Healthcare Service/a_Make Appointment' is clicked on

2023-01-19 20:49:15 - [TEST_STEP][PASSED] - setText(findTestObject("Object Repository/Page_CURA Healthcare Service/input_Username_username"), "John Doe"): Text 'John Doe' is set on object 'Object Repository/Page_CURA Healthcare Service/input_Username_username'

2023-01-19 20:49:16 - [MESSAGE][PASSED] - Text 'John Doe' is set on object 'Object Repository/Page_CURA Healthcare Service/input_Username_username'

2023-01-19 20:49:16 - [TEST_STEP][PASSED] - setEncryptedText(findTestObject("Object Repository/Page_CURA Healthcare Service/input_Password_password"), "g3/DOGG74jC3Flrr3yH+3D/yKbOqqUNM"): Text ****** has been set on object 'Object Repository/Page_CURA Healthcare Service/input_Password_password'

2023-01-19 20:49:16 - [MESSAGE][PASSED] - Text ****** has been set on object 'Object Repository/Page_CURA Healthcare Service/input_Password_password'

2023-01-19 20:49:16 - [TEST_STEP][PASSED] - click(findTestObject("Object Repository/Page_CURA Healthcare Service/button_Login")): Object: 'Object Repository/Page_CURA Healthcare Service/button_Login' is clicked on

2023-01-19 20:49:18 - [MESSAGE][PASSED] - Object: 'Object Repository/Page_CURA Healthcare Service/button_Login' is clicked on

2023-01-19 20:49:18 - [TEST_STEP][PASSED] - click(findTestObject("Object Repository/Page_CURA Healthcare Service/label_None")): Object: 'Object Repository/Page_CURA Healthcare Service/label_None' is clicked on

2023-01-19 20:49:18 - [MESSAGE][PASSED] - Object: 'Object Repository/Page_CURA Healthcare Service/label_None' is clicked on

2023-01-19 20:49:18 - [TEST_STEP][PASSED] - click(findTestObject("Object Repository/Page_CURA Healthcare Service/span_Visit Date (Required)_glyphicon glyphi_cada34")): Object: 'Object Repository/Page_CURA Healthcare Service/span_Visit Date (Required)_glyphicon glyphi_cada34' is clicked on

2023-01-19 20:49:18 - [MESSAGE][PASSED] - Object: 'Object Repository/Page_CURA Healthcare Service/span_Visit Date (Required)_glyphicon glyphi_cada34' is clicked on

2023-01-19 20:49:18 - [TEST_STEP][PASSED] - click(findTestObject("Object Repository/Page_CURA Healthcare Service/td_17")): Object: 'Object Repository/Page_CURA Healthcare Service/td_17' is clicked on

2023-01-19 20:49:19 - [MESSAGE][PASSED] - Object: 'Object Repository/Page_CURA Healthcare Service/td_17' is clicked on

2023-01-19 20:49:19 - [TEST_STEP][PASSED] - setText(findTestObject("Object Repository/Page_CURA Healthcare Service/textarea_Comment_comment"), "sada"): Text 'sada' is set on object 'Object Repository/Page_CURA Healthcare Service/textarea_Comment_comment'

2023-01-19 20:49:20 - [MESSAGE][PASSED] - Text 'sada' is set on object 'Object Repository/Page_CURA Healthcare Service/textarea_Comment_comment'

2023-01-19 20:49:20 - [TEST_STEP][PASSED] - click(findTestObject("Object Repository/Page_CURA Healthcare Service/button_Book Appointment")): Object: 'Object Repository/Page_CURA Healthcare Service/button_Book Appointment' is clicked on

2023-01-19 20:49:21 - [MESSAGE][PASSED] - Object: 'Object Repository/Page_CURA Healthcare Service/button_Book Appointment' is clicked on

2023-01-19 20:49:21 - [TEST_STEP][PASSED] - click(findTestObject("Object Repository/Page_CURA Healthcare Service/a_Go to Homepage")): Object: 'Object Repository/Page_CURA Healthcare Service/a_Go to Homepage' is clicked on

2023-01-19 20:49:21 - [MESSAGE][PASSED] - Object: 'Object Repository/Page_CURA Healthcare Service/a_Go to Homepage' is clicked on

2023-01-19 20:49:21 - [TEST_STEP][PASSED] - closeBrowser(): Browser is closed

2023-01-19 20:49:22 - [MESSAGE][PASSED] - Browser is closed]]></system-out>
         <system-err><![CDATA[]]></system-err>
      </testcase>
      <testcase name="Test Cases/TS02-Appointment/TC05-Make An Appointment without Comment" time="13.767" classname="Test Cases/TS02-Appointment/TC05-Make An Appointment without Comment" status="PASSED">
         <system-out><![CDATA[2023-01-19 20:49:22 - [TEST_CASE][PASSED] - Test Cases/TS02-Appointment/TC05-Make An Appointment without Comment: Test Cases/TS02-Appointment/TC05-Make An Appointment without Comment

2023-01-19 20:49:23 - [TEST_STEP][PASSED] - openBrowser(""): Browser is opened with url: ''

2023-01-19 20:49:23 - [MESSAGE][INFO] - Starting 'Chrome' driver

2023-01-19 20:49:23 - [MESSAGE][INFO] - Action delay is set to 0 milliseconds

2023-01-19 20:49:24 - [MESSAGE][PASSED] - Browser is opened with url: ''

2023-01-19 20:49:24 - [TEST_STEP][PASSED] - navigateToUrl("https://katalon-demo-cura.herokuapp.com/"): Navigate to 'https://katalon-demo-cura.herokuapp.com/' successfully

2023-01-19 20:49:29 - [MESSAGE][PASSED] - Navigate to 'https://katalon-demo-cura.herokuapp.com/' successfully

2023-01-19 20:49:29 - [TEST_STEP][PASSED] - click(findTestObject("Object Repository/Page_CURA Healthcare Service/a_Make Appointment")): Object: 'Object Repository/Page_CURA Healthcare Service/a_Make Appointment' is clicked on

2023-01-19 20:49:30 - [MESSAGE][PASSED] - Object: 'Object Repository/Page_CURA Healthcare Service/a_Make Appointment' is clicked on

2023-01-19 20:49:30 - [TEST_STEP][PASSED] - setText(findTestObject("Object Repository/Page_CURA Healthcare Service/input_Username_username"), "John Doe"): Text 'John Doe' is set on object 'Object Repository/Page_CURA Healthcare Service/input_Username_username'

2023-01-19 20:49:30 - [MESSAGE][PASSED] - Text 'John Doe' is set on object 'Object Repository/Page_CURA Healthcare Service/input_Username_username'

2023-01-19 20:49:30 - [TEST_STEP][PASSED] - setEncryptedText(findTestObject("Object Repository/Page_CURA Healthcare Service/input_Password_password"), "g3/DOGG74jC3Flrr3yH+3D/yKbOqqUNM"): Text ****** has been set on object 'Object Repository/Page_CURA Healthcare Service/input_Password_password'

2023-01-19 20:49:31 - [MESSAGE][PASSED] - Text ****** has been set on object 'Object Repository/Page_CURA Healthcare Service/input_Password_password'

2023-01-19 20:49:31 - [TEST_STEP][PASSED] - click(findTestObject("Object Repository/Page_CURA Healthcare Service/button_Login")): Object: 'Object Repository/Page_CURA Healthcare Service/button_Login' is clicked on

2023-01-19 20:49:32 - [MESSAGE][PASSED] - Object: 'Object Repository/Page_CURA Healthcare Service/button_Login' is clicked on

2023-01-19 20:49:32 - [TEST_STEP][PASSED] - click(findTestObject("Object Repository/Page_CURA Healthcare Service/input_Visit Date (Required)_visit_date")): Object: 'Object Repository/Page_CURA Healthcare Service/input_Visit Date (Required)_visit_date' is clicked on

2023-01-19 20:49:33 - [MESSAGE][PASSED] - Object: 'Object Repository/Page_CURA Healthcare Service/input_Visit Date (Required)_visit_date' is clicked on

2023-01-19 20:49:33 - [TEST_STEP][PASSED] - click(findTestObject("Object Repository/Page_CURA Healthcare Service/td_16")): Object: 'Object Repository/Page_CURA Healthcare Service/td_16' is clicked on

2023-01-19 20:49:33 - [MESSAGE][PASSED] - Object: 'Object Repository/Page_CURA Healthcare Service/td_16' is clicked on

2023-01-19 20:49:33 - [TEST_STEP][PASSED] - setText(findTestObject("Object Repository/Page_CURA Healthcare Service/textarea_Comment_comment"), " "): Text ' ' is set on object 'Object Repository/Page_CURA Healthcare Service/textarea_Comment_comment'

2023-01-19 20:49:34 - [MESSAGE][PASSED] - Text ' ' is set on object 'Object Repository/Page_CURA Healthcare Service/textarea_Comment_comment'

2023-01-19 20:49:34 - [TEST_STEP][PASSED] - click(findTestObject("Object Repository/Page_CURA Healthcare Service/button_Book Appointment")): Object: 'Object Repository/Page_CURA Healthcare Service/button_Book Appointment' is clicked on

2023-01-19 20:49:35 - [MESSAGE][PASSED] - Object: 'Object Repository/Page_CURA Healthcare Service/button_Book Appointment' is clicked on

2023-01-19 20:49:35 - [TEST_STEP][PASSED] - click(findTestObject("Object Repository/Page_CURA Healthcare Service/a_Go to Homepage")): Object: 'Object Repository/Page_CURA Healthcare Service/a_Go to Homepage' is clicked on

2023-01-19 20:49:35 - [MESSAGE][PASSED] - Object: 'Object Repository/Page_CURA Healthcare Service/a_Go to Homepage' is clicked on

2023-01-19 20:49:35 - [TEST_STEP][PASSED] - closeBrowser(): Browser is closed

2023-01-19 20:49:36 - [MESSAGE][PASSED] - Browser is closed]]></system-out>
         <system-err><![CDATA[]]></system-err>
      </testcase>
      <system-out><![CDATA[2023-01-19 20:47:51 - [TEST_SUITE][PASSED] - Appointment testing: Test Cases/TS02-Appointment/TC05-Make An Appointment without Comment]]></system-out>
      <system-err><![CDATA[]]></system-err>
   </testsuite>
</testsuites>
